<?xml version="1.0" encoding="utf-8"?><testsuites name="pytest tests"><testsuite name="pytest" errors="0" failures="0" skipped="0" tests="28" time="17.718" timestamp="2026-09-01T12:01:02.164569+00:00" hostname="agent-env-fb4560e1-ef2e-4063-9afc-ccd56fce2758"><testcase classname="tests.test_confidence.TestSnapshotConfidence" name="test_confidence_present_and_in_band[damaged_joint-91]" time="0.373" /><testcase classname="tests.test_confidence.TestSnapshotConfidence" name="test_confidence_present_and_in_band[loose_joint-88]" time="0.113" /><testcase classname="tests.test_confidence.TestSnapshotConfidence" name="test_confidence_present_and_in_band[misalignment-84]" time="0.108" /><testcase classname="tests.test_confidence.TestSnapshotConfidence" name="test_confidence_present_and_in_band[normal-96]" time="0.116" /><testcase classname="tests.test_confidence.TestSnapshotConfidence" name="test_confidence_present_and_in_band[overload-87]" time="0.124" /><testcase classname="tests.test_confidence.TestSnapshotConfidence" name="test_damaged_joint_confidence_high" time="0.115" /><testcase classname="tests.test_confidence.TestSnapshotConfidence" name="test_misalignment_confidence_below_90" time="0.121" /><testcase classname="tests.test_confidence.TestSnapshotConfidence" name="test_damaged_higher_than_misalignment" time="0.222" /><testcase classname="tests.test_confidence.TestSnapshotConfidence" name="test_unknown_scenario_400" time="0.106" /><testcase classname="tests.test_confidence.TestSnapshotConfidence" name="test_confidence_varies_across_calls" time="0.760" /><testcase classname="tests.backend_test.TestJointHistory" name="test_joint_history_j2" time="1.097" /><testcase classname="tests.backend_test.TestJointHistory" name="test_invalid_joint_id_400" time="0.063" /><testcase classname="tests.backend_test.TestJointHistory" name="test_days_clamped_no_500[-1-1]" time="0.692" /><testcase classname="tests.backend_test.TestJointHistory" name="test_days_clamped_no_500[99999-365]" time="1.098" /><testcase classname="tests.backend_test.TestAllJoints" name="test_structure_and_ordering_30d" time="4.322" /><testcase classname="tests.backend_test.TestAllJoints" name="test_all_windows_downsampled" time="0.000" /><testcase classname="tests.backend_test.TestAllJoints" name="test_last_timestamp_is_newest_data" time="0.000" /><testcase classname="tests.backend_test.TestAllJoints" name="test_first_timestamp_shifts_back_per_window" time="0.000" /><testcase classname="tests.backend_test.TestAllJoints" name="test_60_and_90_differ" time="0.000" /><testcase classname="tests.backend_test.TestAllJoints" name="test_days_clamped" time="3.289" /><testcase classname="tests.backend_test.TestSimulatorRegression" name="test_snapshot_damaged_joint" time="0.114" /><testcase classname="tests.backend_test.TestSimulatorRegression" name="test_timeseries_normal" time="0.060" /><testcase classname="tests.backend_test.TestSimulatorRegression" name="test_ai_recommendation_sse" time="10.517" /><testcase classname="tests.backend_test.TestSensors" name="test_sensors_returns_five" time="0.331" /><testcase classname="tests.backend_test.TestSensors" name="test_sensors_unknown_conveyor_empty" time="0.358" /><testcase classname="tests.backend_test.TestSeed" name="test_seed_skips" time="1.254" /><testcase classname="tests.backend_test.TestPassport" name="test_passport_j2" time="1.482" /><testcase classname="tests.backend_test.TestPassport" name="test_passport_invalid_joint_400" time="0.061" /></testsuite></testsuites>