<?xml version="1.0" encoding="utf-8"?><testsuites name="pytest tests"><testsuite name="pytest" errors="0" failures="1" skipped="0" tests="18" time="73.339" timestamp="2026-09-01T11:38:22.097255+00:00" hostname="agent-env-fb4560e1-ef2e-4063-9afc-ccd56fce2758"><testcase classname="tests.backend_test.TestJointHistory" name="test_joint_history_j2" time="0.832" /><testcase classname="tests.backend_test.TestJointHistory" name="test_invalid_joint_id_400" time="0.062" /><testcase classname="tests.backend_test.TestJointHistory" name="test_days_clamped_no_500[-1-1]" time="0.364" /><testcase classname="tests.backend_test.TestJointHistory" name="test_days_clamped_no_500[99999-365]" time="1.077" /><testcase classname="tests.backend_test.TestSimulatorRegression" name="test_snapshot_damaged_joint" time="0.076" /><testcase classname="tests.backend_test.TestSimulatorRegression" name="test_timeseries_normal" time="0.129" /><testcase classname="tests.backend_test.TestSimulatorRegression" name="test_ai_recommendation_sse" time="9.420" /><testcase classname="tests.backend_test.TestAllJoints" name="test_structure_and_ordering_30d" time="3.957" /><testcase classname="tests.backend_test.TestAllJoints" name="test_all_windows_downsampled" time="0.000" /><testcase classname="tests.backend_test.TestAllJoints" name="test_last_timestamp_is_newest_data" time="0.000" /><testcase classname="tests.backend_test.TestAllJoints" name="test_first_timestamp_shifts_back_per_window" time="0.000" /><testcase classname="tests.backend_test.TestAllJoints" name="test_60_and_90_differ" time="0.000" /><testcase classname="tests.backend_test.TestAllJoints" name="test_days_clamped" time="1.914" /><testcase classname="tests.backend_test.TestPassport" name="test_passport_j2" time="50.604"><failure message="AssertionError: Internal Server Error&#10;assert 500 == 200&#10; +  where 500 = &lt;Response [500]&gt;.status_code">E   AssertionError: Internal Server Error
    assert 500 == 200
     +  where 500 = &lt;Response [500]&gt;.status_code</failure></testcase><testcase classname="tests.backend_test.TestSensors" name="test_sensors_returns_five" time="60.619" /><testcase classname="tests.backend_test.TestPassport" name="test_passport_invalid_joint_400" time="0.090" /><testcase classname="tests.backend_test.TestSeed" name="test_seed_skips" time="1.512" /><testcase classname="tests.backend_test.TestSensors" name="test_sensors_unknown_conveyor_empty" time="0.357" /></testsuite></testsuites>